<?xml version="1.0" encoding="UTF-8"?>
<testsuite name="edu.jsu.mcis.ArgumentParserTest" tests="19" skipped="0" failures="0" errors="0" timestamp="2015-03-18T16:46:04" hostname="Andrew" time="0.047">
  <properties/>
  <testcase name="testGetPositionalArgument" classname="edu.jsu.mcis.ArgumentParserTest" time="0.016"/>
  <testcase name="testUnknownArgumentException" classname="edu.jsu.mcis.ArgumentParserTest" time="0.0"/>
  <testcase name="testGetOptionalArgument" classname="edu.jsu.mcis.ArgumentParserTest" time="0.0"/>
  <testcase name="testMissingArgumentException" classname="edu.jsu.mcis.ArgumentParserTest" time="0.015"/>
  <testcase name="testGetOptionalValue" classname="edu.jsu.mcis.ArgumentParserTest" time="0.0"/>
  <testcase name="testGetDifferentOptionalArgumentValues" classname="edu.jsu.mcis.ArgumentParserTest" time="0.0"/>
  <testcase name="testCheckForInvalidArguments" classname="edu.jsu.mcis.ArgumentParserTest" time="0.0"/>
  <testcase name="testGetFlag" classname="edu.jsu.mcis.ArgumentParserTest" time="0.0"/>
  <testcase name="testIfOptionalArgumentIsPresent" classname="edu.jsu.mcis.ArgumentParserTest" time="0.0"/>
  <testcase name="testGetDescriptionOfOptionalArgument" classname="edu.jsu.mcis.ArgumentParserTest" time="0.0"/>
  <testcase name="testShowHelp" classname="edu.jsu.mcis.ArgumentParserTest" time="0.0"/>
  <testcase name="testIfOptionalArgumentShortNameIsPresent" classname="edu.jsu.mcis.ArgumentParserTest" time="0.0"/>
  <testcase name="testGetDifferentPositionalArgumentValues" classname="edu.jsu.mcis.ArgumentParserTest" time="0.0"/>
  <testcase name="testInvalidArgumentException" classname="edu.jsu.mcis.ArgumentParserTest" time="0.0"/>
  <testcase name="testGetArgumentDataType" classname="edu.jsu.mcis.ArgumentParserTest" time="0.0"/>
  <testcase name="testUseShortNameInput" classname="edu.jsu.mcis.ArgumentParserTest" time="0.016"/>
  <testcase name="testGetUnknownShortName" classname="edu.jsu.mcis.ArgumentParserTest" time="0.0"/>
  <testcase name="testUnrecognisedArgumentException" classname="edu.jsu.mcis.ArgumentParserTest" time="0.0"/>
  <testcase name="testGetArgumentValue" classname="edu.jsu.mcis.ArgumentParserTest" time="0.0"/>
  <system-out><![CDATA[]]></system-out>
  <system-err><![CDATA[]]></system-err>
</testsuite>
